Arguments: 
  /usr/local/bin/node /usr/local/bin/yarn

PATH: 
  /bin:/usr/bin:/usr/local/bin

Yarn version: 
  1.22.19

Node version: 
  16.14.2

Platform: 
  linux x64

Trace: 
  Error: EIO: failed to link packages
      at Error.fromJSON (https://w-credentialless.staticblitz.com/fetch.worker.f26fb2f9add9cd7f577d34932547fb2b8085b445.js:6:60411)
      at Error.create (https://w-credentialless.staticblitz.com/fetch.worker.f26fb2f9add9cd7f577d34932547fb2b8085b445.js:6:58870)
      at _0x1e50ee.linkPackages (https://w-credentialless.staticblitz.com/fetch.worker.f26fb2f9add9cd7f577d34932547fb2b8085b445.js:6:210026)

npm manifest: 
  {
    "private": true,
    "scripts": {
      "dev": "next dev",
      "build": "next build",
      "start": "next start",
      "lint": "next lint",
      "generate": "npx prisma generate",
      "studio": "npx prisma studio"
    },
    "dependencies": {
      "@headlessui/react": "^1.6.1",
      "@material-ui/core": "^4.12.4",
      "@prisma/client": "^3.13.0",
      "@rehooks/local-storage": "^2.4.4",
      "clsx": "^1.1.1",
      "color-scheme": "^1.0.1",
      "embla-carousel-react": "^6.2.0",
      "formik": "^2.2.9",
      "get-orientation": "^1.1.2",
      "iconoir-react": "^4.9.1",
      "iron-session": "^6.1.3",
      "lodash": "^4.17.21",
      "next": "^12.1.6",
      "react": "18.1.0",
      "react-colorful": "^5.5.1",
      "react-dom": "18.1.0",
      "react-easy-crop": "^4.2.0",
      "react-number-format": "^4.9.3",
      "react-use": "^17.3.2",
      "swr": "^1.3.0",
      "tailwind-merge": "^1.2.1"
    },
    "devDependencies": {
      "@tailwindcss/aspect-ratio": "^0.4.0",
      "@tailwindcss/forms": "^0.5.1",
      "@tailwindcss/typography": "^0.5.2",
      "@types/lodash": "^4.14.182",
      "@types/node": "^17.0.31",
      "@types/react": "^18.0.8",
      "@types/react-dom": "^18.0.3",
      "autoprefixer": "^10.4.7",
      "eslint": "^8.14.0",
      "eslint-config-next": "^12.1.6",
      "eslint-config-prettier": "^8.5.0",
      "postcss": "^8.4.13",
      "prettier": "^2.6.2",
      "prettier-plugin-tailwindcss": "^0.1.10",
      "prisma": "^3.13.0",
      "tailwindcss": "^3.0.24",
      "typescript": "4.6.4"
    }
  }

yarn manifest: 
  No manifest

Lockfile: 
  No lockfile
